react-dom.development.js:38560 Download the React DevTools for a better development experience: https://reactjs.org/link/react-devtools
react-dom.development.js:9126 Uncaught Error: supabaseUrl is required.
    at new SupabaseClient (SupabaseClient.js:53:19)
    at createClient (index.js:62:12)
    at eval (page.tsx:5:30)
    at (app-pages-browser)/app/lk/page.tsx (http://localhost:3000/_next/static/chunks/app/lk/page.js:621:1)
    at options.factory (webpack.js:715:31)
    at __webpack_require__ (webpack.js:37:33)
    at fn (webpack.js:371:21)
    at requireAsyncModule (react-server-dom-webpack-client.browser.development.js:131:17)
    at eval (react-server-dom-webpack-client.browser.development.js:186:16)
react-dom.development.js:9126 Uncaught Error: supabaseUrl is required.
    at new SupabaseClient (SupabaseClient.js:53:19)
    at createClient (index.js:62:12)
    at eval (page.tsx:5:30)
    at (app-pages-browser)/app/lk/page.tsx (http://localhost:3000/_next/static/chunks/app/lk/page.js:621:1)
    at options.factory (webpack.js:715:31)
    at __webpack_require__ (webpack.js:37:33)
    at fn (webpack.js:371:21)
    at requireAsyncModule (react-server-dom-webpack-client.browser.development.js:131:17)
    at eval (react-server-dom-webpack-client.browser.development.js:186:16)
app-index.js:33 The above error occurred in the <ServerRoot> component:

    at ServerRoot (webpack-internal:///(app-pages-browser)/./node_modules/next/dist/client/app-index.js:112:27)
    at Root (webpack-internal:///(app-pages-browser)/./node_modules/next/dist/client/app-index.js:117:11)
    at ReactDevOverlay (webpack-internal:///(app-pages-browser)/./node_modules/next/dist/client/components/react-dev-overlay/app/ReactDevOverlay.js:87:9)

React will try to recreate this component tree from scratch using the error boundary you provided, ReactDevOverlay.
window.console.error @ app-index.js:33
Show 1 more frame
Show less
SupabaseClient.js:53 Uncaught (in promise) Error: supabaseUrl is required.
    at new SupabaseClient (SupabaseClient.js:53:19)
    at createClient (index.js:62:12)
    at eval (page.tsx:5:30)
    at (app-pages-browser)/app/lk/page.tsx (http://localhost:3000/_next/static/chunks/app/lk/page.js:621:1)
    at options.factory (webpack.js:715:31)
    at __webpack_require__ (webpack.js:37:33)
    at Function.fn (webpack.js:371:21)
lk:1 The resource http://localhost:3000/_next/static/css/app/layout.css?v=1751220268401 was preloaded using link preload but not used within a few seconds from the window's load event. Please make sure it has an appropriate `as` value and it is preloaded intentionally.
lk:1 The resource http://localhost:3000/_next/static/css/app/layout.css?v=1751220268401 was preloaded using link preload but not used within a few seconds from the window's load event. Please make sure it has an appropriate `as` value and it is preloaded intentionally.
Warning: Don’t paste code into the DevTools Console that you don’t understand or haven’t reviewed yourself. This could allow attackers to steal your identity or take control of your computer. Please type ‘allow pasting’ below and hit Enter to allow pasting.
Warning: Don’t paste code into the DevTools Console that you don’t understand or haven’t reviewed yourself. This could allow attackers to steal your identity or take control of your computer. Please type ‘allow pasting’ below and hit Enter to allow pasting.
